09:38:22.008 [main] INFO  miniwork.tests.UserTestCase - Test data setup is initiated
09:38:22.426 [main] INFO  miniwork.tests.UserTestCase - Test data setup is completed
09:38:22.453 [main] INFO  miniwork.tests.UserTestCase - ************ Create User Response ************
09:38:28.560 [main] INFO  miniwork.tests.UserTestCase - ************ Create User Completed ************
09:38:28.586 [main] INFO  miniwork.tests.UserTestCase - ************ Read User Response ************
09:38:30.228 [main] INFO  miniwork.tests.UserTestCase - ************ Read User Completed ************
09:38:30.236 [main] INFO  miniwork.tests.UserTestCase - ************ Update User Response ************
09:38:31.663 [main] INFO  miniwork.tests.UserTestCase - ************ Read User Response ************
09:38:33.299 [main] INFO  miniwork.tests.UserTestCase - ************ Read User Completed ************
09:38:33.300 [main] INFO  miniwork.tests.UserTestCase - ************ Update User Completed ************
09:38:33.304 [main] INFO  miniwork.tests.UserTestCase - ************ Delete User Response ************
09:38:34.700 [main] INFO  miniwork.tests.UserTestCase - ************ Delete User Completed ************
09:05:20.291 [main] INFO  miniwork.tests.UserTestCase - Test data setup is initiated
09:05:20.792 [main] INFO  miniwork.tests.UserTestCase - Test data setup is completed
09:05:20.825 [main] INFO  miniwork.tests.UserTestCase - ************ Create User Response ************
09:05:27.523 [main] INFO  miniwork.tests.UserTestCase - ************ Create User Completed ************
09:05:27.554 [main] INFO  miniwork.tests.UserTestCase - ************ Read User Response ************
09:05:29.112 [main] INFO  miniwork.tests.UserTestCase - ************ Read User Completed ************
09:05:29.118 [main] INFO  miniwork.tests.UserTestCase - ************ Update User Response ************
09:05:30.434 [main] INFO  miniwork.tests.UserTestCase - ************ Read User Response ************
09:05:31.882 [main] INFO  miniwork.tests.UserTestCase - ************ Read User Completed ************
09:05:31.882 [main] INFO  miniwork.tests.UserTestCase - ************ Update User Completed ************
09:05:31.886 [main] INFO  miniwork.tests.UserTestCase - ************ Delete User Response ************
09:05:33.235 [main] INFO  miniwork.tests.UserTestCase - ************ Delete User Completed ************
09:19:01.447 [main] INFO  miniwork.tests.UserTestCase - Test data setup is initiated
09:19:01.937 [main] INFO  miniwork.tests.UserTestCase - Test data setup is completed
09:19:01.974 [main] INFO  miniwork.tests.UserTestCase - ************ Create User Response ************
09:19:08.565 [main] INFO  miniwork.tests.UserTestCase - ************ Create User Completed ************
09:19:08.595 [main] INFO  miniwork.tests.UserTestCase - ************ Read User Response ************
09:19:10.245 [main] INFO  miniwork.tests.UserTestCase - ************ Read User Completed ************
09:19:10.251 [main] INFO  miniwork.tests.UserTestCase - ************ Update User Response ************
09:19:12.810 [main] INFO  miniwork.tests.UserTestCase - ************ Read User Response ************
09:19:14.394 [main] INFO  miniwork.tests.UserTestCase - ************ Read User Completed ************
09:19:14.394 [main] INFO  miniwork.tests.UserTestCase - ************ Update User Completed ************
09:19:14.398 [main] INFO  miniwork.tests.UserTestCase - ************ Delete User Response ************
09:19:15.764 [main] INFO  miniwork.tests.UserTestCase - ************ Delete User Completed ************
